#
# There is insufficient memory for the Java Runtime Environment to continue.
# Native memory allocation (mmap) failed to map 268435456 bytes for G1 virtual space
# Possible reasons:
#   The system is out of physical RAM or swap space
#   The process is running with CompressedOops enabled, and the Java Heap may be blocking the growth of the native heap
# Possible solutions:
#   Reduce memory load on the system
#   Increase physical memory or swap space
#   Check if swap backing store is full
#   Decrease Java heap size (-Xmx/-Xms)
#   Decrease number of Java threads
#   Decrease Java thread stack sizes (-Xss)
#   Set larger code cache with -XX:ReservedCodeCacheSize=
#   JVM is running with Zero Based Compressed Oops mode in which the Java heap is
#     placed in the first 32GB address space. The Java Heap base address is the
#     maximum limit for the native heap growth. Please use -XX:HeapBaseMinAddress
#     to set the Java Heap base and to place the Java Heap above 32GB virtual address.
# This output file may be truncated or incomplete.
#
#  Out of Memory Error (os_windows.cpp:3532), pid=6692, tid=39376
#
# JRE version:  (17.0.2+8) (build )
# Java VM: OpenJDK 64-Bit Server VM (17.0.2+8, mixed mode, sharing, tiered, compressed oops, compressed class ptrs, g1 gc, windows-amd64)
# No core dump will be written. Minidumps are not enabled by default on client versions of Windows
#

---------------  S U M M A R Y ------------

Command Line: -Dfile.encoding=Cp1252 -XX:+ShowCodeDetailsInExceptionMessages view.UsuarioAlugar

Host: AMD FX(tm)-8350 Eight-Core Processor           , 8 cores, 15G,  Windows 10 , 64 bit Build 19041 (10.0.19041.1566)
Time: Fri Mar 25 18:31:37 2022 Hora oficial do Brasil elapsed time: 0.015764 seconds (0d 0h 0m 0s)

---------------  T H R E A D  ---------------

Current thread (0x000001401879b340):  JavaThread "Unknown thread" [_thread_in_vm, id=39376, stack(0x000000114e700000,0x000000114e800000)]

Stack: [0x000000114e700000,0x000000114e800000]
Native frames: (J=compiled Java code, j=interpreted, Vv=VM code, C=native code)
V  [jvm.dll+0x67564a]
V  [jvm.dll+0x82fc04]
V  [jvm.dll+0x8313ae]
V  [jvm.dll+0x831a13]
V  [jvm.dll+0x245235]
V  [jvm.dll+0x672539]
V  [jvm.dll+0x666e82]
V  [jvm.dll+0x30401b]
V  [jvm.dll+0x30b566]
V  [jvm.dll+0x35b1fe]
V  [jvm.dll+0x35b42f]
V  [jvm.dll+0x2daf58]
V  [jvm.dll+0x2dbec4]
V  [jvm.dll+0x801881]
V  [jvm.dll+0x368f81]
V  [jvm.dll+0x7e0cdc]
V  [jvm.dll+0x3eb8bf]
V  [jvm.dll+0x3ed441]
C  [jli.dll+0x5277]
C  [ucrtbase.dll+0x21bb2]
C  [KERNEL32.DLL+0x17034]
C  [ntdll.dll+0x52651]


---------------  P R O C E S S  ---------------

Threads class SMR info:
_java_thread_list=0x00007fff6f935e98, length=0, elements={
}

Java Threads: ( => current thread )

Other Threads:
  0x00000140187eab20 GCTaskThread "GC Thread#0" [stack: 0x000000114e800000,0x000000114e900000] [id=38436]
  0x00000140187fc1d0 ConcurrentGCThread "G1 Main Marker" [stack: 0x000000114e900000,0x000000114ea00000] [id=31956]
  0x00000140187fdbf0 ConcurrentGCThread "G1 Conc#0" [stack: 0x000000114ea00000,0x000000114eb00000] [id=10540]

[error occurred during error reporting (printing all threads), id 0xc0000005, EXCEPTION_ACCESS_VIOLATION (0xc0000005) at pc=0x00007fff6f10b9d7]

VM state: not at safepoint (not fully initialized)

VM Mutex/Monitor currently owned by a thread:  ([mutex/lock_event])
[0x00000140187967d0] Heap_lock - owner thread: 0x000001401879b340

Heap address: 0x0000000700400000, size: 4092 MB, Compressed Oops mode: Zero based, Oop shift amount: 3

CDS archive(s) mapped at: [0x0000000000000000-0x0000000000000000-0x0000000000000000), size 0, SharedBaseAddress: 0x0000000800000000, ArchiveRelocationMode: 0.
Narrow klass base: 0x0000000000000000, Narrow klass shift: 0, Narrow klass range: 0x0

GC Precious Log:
<Empty>

Heap:
 garbage-first heap   total 0K, used 0K [0x0000000700400000, 0x0000000800000000)
  region size 2048K, 0 young (0K), 0 survivors (0K)

[error occurred during error reporting (printing heap information), id 0xc0000005, EXCEPTION_ACCESS_VIOLATION (0xc0000005) at pc=0x00007fff6f4ee899]

GC Heap History (0 events):
No events

Deoptimization events (0 events):
No events

Classes unloaded (0 events):
No events

Classes redefined (0 events):
No events

Internal exceptions (0 events):
No events

VM Operations (0 events):
No events

Events (1 events):
Event: 0.010 Loaded shared library C:\Users\Nicol\.p2\pool\plugins\org.eclipse.justj.openjdk.hotspot.jre.full.win32.x86_64_17.0.2.v20220201-1208\jre\bin\java.dll


Dynamic libraries:
0x00007ff70d7a0000 - 0x00007ff70d7ae000 	C:\Users\Nicol\.p2\pool\plugins\org.eclipse.justj.openjdk.hotspot.jre.full.win32.x86_64_17.0.2.v20220201-1208\jre\bin\javaw.exe
0x00007fffe58f0000 - 0x00007fffe5ae5000 	C:\Windows\SYSTEM32\ntdll.dll
0x00007fffe3d60000 - 0x00007fffe3e1e000 	C:\Windows\System32\KERNEL32.DLL
0x00007fffe3120000 - 0x00007fffe33e8000 	C:\Windows\System32\KERNELBASE.dll
0x00007fffe34c0000 - 0x00007fffe35c0000 	C:\Windows\System32\ucrtbase.dll
0x00007fffdfc20000 - 0x00007fffdfc38000 	C:\Users\Nicol\.p2\pool\plugins\org.eclipse.justj.openjdk.hotspot.jre.full.win32.x86_64_17.0.2.v20220201-1208\jre\bin\jli.dll
0x00007fffdfca0000 - 0x00007fffdfcb9000 	C:\Users\Nicol\.p2\pool\plugins\org.eclipse.justj.openjdk.hotspot.jre.full.win32.x86_64_17.0.2.v20220201-1208\jre\bin\VCRUNTIME140.dll
0x00007fffe39b0000 - 0x00007fffe3b50000 	C:\Windows\System32\USER32.dll
0x00007fffd2800000 - 0x00007fffd2a9a000 	C:\Windows\WinSxS\amd64_microsoft.windows.common-controls_6595b64144ccf1df_6.0.19041.1110_none_60b5254171f9507e\COMCTL32.dll
0x00007fffe3e20000 - 0x00007fffe3ebe000 	C:\Windows\System32\msvcrt.dll
0x00007fffe3490000 - 0x00007fffe34b2000 	C:\Windows\System32\win32u.dll
0x00007fffe48c0000 - 0x00007fffe48eb000 	C:\Windows\System32\GDI32.dll
0x00007fffe3010000 - 0x00007fffe311b000 	C:\Windows\System32\gdi32full.dll
0x00007fffe3800000 - 0x00007fffe389d000 	C:\Windows\System32\msvcp_win.dll
0x00007fffe5880000 - 0x00007fffe58b0000 	C:\Windows\System32\IMM32.DLL
0x00007fffdced0000 - 0x00007fffdcedc000 	C:\Users\Nicol\.p2\pool\plugins\org.eclipse.justj.openjdk.hotspot.jre.full.win32.x86_64_17.0.2.v20220201-1208\jre\bin\vcruntime140_1.dll
0x00007fffdc8a0000 - 0x00007fffdc931000 	C:\Users\Nicol\.p2\pool\plugins\org.eclipse.justj.openjdk.hotspot.jre.full.win32.x86_64_17.0.2.v20220201-1208\jre\bin\msvcp140.dll
0x00007fff6ee20000 - 0x00007fff6fa67000 	C:\Users\Nicol\.p2\pool\plugins\org.eclipse.justj.openjdk.hotspot.jre.full.win32.x86_64_17.0.2.v20220201-1208\jre\bin\server\jvm.dll
0x00007fffe57d0000 - 0x00007fffe587e000 	C:\Windows\System32\ADVAPI32.dll
0x00007fffe4620000 - 0x00007fffe46bc000 	C:\Windows\System32\sechost.dll
0x00007fffe4790000 - 0x00007fffe48b5000 	C:\Windows\System32\RPCRT4.dll
0x00007fffe4a40000 - 0x00007fffe4a48000 	C:\Windows\System32\PSAPI.DLL
0x00007fffdfd20000 - 0x00007fffdfd29000 	C:\Windows\SYSTEM32\WSOCK32.dll
0x00007fffd4480000 - 0x00007fffd44a7000 	C:\Windows\SYSTEM32\WINMM.dll
0x00007fffe48f0000 - 0x00007fffe495b000 	C:\Windows\System32\WS2_32.dll
0x00007fffdc330000 - 0x00007fffdc33a000 	C:\Windows\SYSTEM32\VERSION.dll
0x00007fffe0e60000 - 0x00007fffe0e72000 	C:\Windows\SYSTEM32\kernel.appcore.dll
0x00007fffdfd10000 - 0x00007fffdfd1a000 	C:\Users\Nicol\.p2\pool\plugins\org.eclipse.justj.openjdk.hotspot.jre.full.win32.x86_64_17.0.2.v20220201-1208\jre\bin\jimage.dll
0x00007fffd8090000 - 0x00007fffd8274000 	C:\Windows\SYSTEM32\DBGHELP.DLL
0x00007fffd6bb0000 - 0x00007fffd6bdc000 	C:\Windows\SYSTEM32\dbgcore.DLL
0x00007fffe3610000 - 0x00007fffe3692000 	C:\Windows\System32\bcryptPrimitives.dll
0x00007fffdcd90000 - 0x00007fffdcdb5000 	C:\Users\Nicol\.p2\pool\plugins\org.eclipse.justj.openjdk.hotspot.jre.full.win32.x86_64_17.0.2.v20220201-1208\jre\bin\java.dll

dbghelp: loaded successfully - version: 4.0.5 - missing functions: none
symbol engine: initialized successfully - sym options: 0x614 - pdb path: .;C:\Users\Nicol\.p2\pool\plugins\org.eclipse.justj.openjdk.hotspot.jre.full.win32.x86_64_17.0.2.v20220201-1208\jre\bin;C:\Windows\SYSTEM32;C:\Windows\WinSxS\amd64_microsoft.windows.common-controls_6595b64144ccf1df_6.0.19041.1110_none_60b5254171f9507e;C:\Users\Nicol\.p2\pool\plugins\org.eclipse.justj.openjdk.hotspot.jre.full.win32.x86_64_17.0.2.v20220201-1208\jre\bin\server

VM Arguments:
jvm_args: -Dfile.encoding=Cp1252 -XX:+ShowCodeDetailsInExceptionMessages 
java_command: view.UsuarioAlugar
java_class_path (initial): C:\Users\Nicol\Documents\GitHub\AluguelCarros\AluguelCarros\bin
Launcher Type: SUN_STANDARD

[Global flags]
     intx CICompilerCount                          = 4                                         {product} {ergonomic}
     uint ConcGCThreads                            = 2                                         {product} {ergonomic}
     uint G1ConcRefinementThreads                  = 8                                         {product} {ergonomic}
   size_t G1HeapRegionSize                         = 2097152                                   {product} {ergonomic}
    uintx GCDrainStackTargetSize                   = 64                                        {product} {ergonomic}
   size_t InitialHeapSize                          = 268435456                                 {product} {ergonomic}
   size_t MarkStackSize                            = 4194304                                   {product} {ergonomic}
   size_t MaxHeapSize                              = 4290772992                                {product} {ergonomic}
   size_t MinHeapDeltaBytes                        = 2097152                                   {product} {ergonomic}
   size_t MinHeapSize                              = 8388608                                   {product} {ergonomic}
    uintx NonNMethodCodeHeapSize                   = 5839372                                {pd product} {ergonomic}
    uintx NonProfiledCodeHeapSize                  = 122909434                              {pd product} {ergonomic}
    uintx ProfiledCodeHeapSize                     = 122909434                              {pd product} {ergonomic}
    uintx ReservedCodeCacheSize                    = 251658240                              {pd product} {ergonomic}
     bool SegmentedCodeCache                       = true                                      {product} {ergonomic}
     bool ShowCodeDetailsInExceptionMessages       = true                                   {manageable} {command line}
   size_t SoftMaxHeapSize                          = 4290772992                             {manageable} {ergonomic}
     bool UseCompressedClassPointers               = true                           {product lp64_product} {ergonomic}
     bool UseCompressedOops                        = true                           {product lp64_product} {ergonomic}
     bool UseG1GC                                  = true                                      {product} {ergonomic}
     bool UseLargePagesIndividualAllocation        = false                                  {pd product} {ergonomic}

Logging:
Log output configuration:
 #0: stdout all=warning uptime,level,tags
 #1: stderr all=off uptime,level,tags

Environment Variables:
PATH=C:/Users/Nicol/.p2/pool/plugins/org.eclipse.justj.openjdk.hotspot.jre.full.win32.x86_64_17.0.2.v20220201-1208/jre/bin/server;C:/Users/Nicol/.p2/pool/plugins/org.eclipse.justj.openjdk.hotspot.jre.full.win32.x86_64_17.0.2.v20220201-1208/jre/bin;C:\Program Files (x86)\Common Files\Oracle\Java\javapath;C:\Windows\system32;C:\Windows;C:\Windows\System32\Wbem;C:\Windows\System32\WindowsPowerShell\v1.0\;C:\Windows\System32\OpenSSH\;C:\Program Files\NVIDIA Corporation\NVIDIA NvDLISR;C:\Program Files (x86)\NVIDIA Corporation\PhysX\Common;C:\Users\Nicol\AppData\Local\Microsoft\WindowsApps;C:\Users\Nicol\AppData\Local\GitHubDesktop\bin;C:\Users\Nicol\Desktop;
USERNAME=Nicol
OS=Windows_NT
PROCESSOR_IDENTIFIER=AMD64 Family 21 Model 2 Stepping 0, AuthenticAMD



---------------  S Y S T E M  ---------------

OS:
 Windows 10 , 64 bit Build 19041 (10.0.19041.1566)
OS uptime: 1 days 3:08 hours

CPU: total 8 (initial active 8) (8 cores per cpu, 1 threads per core) family 21 model 2 stepping 0 microcode 0x0, cx8, cmov, fxsr, mmx, 3dnowpref, sse, sse2, sse3, ssse3, sse4a, sse4.1, sse4.2, popcnt, lzcnt, tsc, tscinvbit, avx, aes, clmul, bmi1, fma, vzeroupper, clflush

Memory: 4k page, system-wide physical 16366M (7127M free)
TotalPageFile size 46890M (AvailPageFile size 147M)
current process WorkingSet (physical memory assigned to process): 10M, peak: 10M
current process commit charge ("private bytes"): 60M, peak: 315M

vm_info: OpenJDK 64-Bit Server VM (17.0.2+8) for windows-amd64 JRE (17.0.2+8), built on Jan 20 2022 04:52:34 by "" with MS VC++ 16.7 (VS2019)

END.
